This is XeTeX, Version 3.141592653-2.6-0.999995 (TeX Live 2023/Arch Linux) (preloaded format=xelatex 2023.6.12)  16 AUG 2023 13:16
entering extended mode
 restricted \write18 enabled.
 %&-line parsing enabled.
**build/tesis.tex
(./build/tesis.tex
LaTeX2e <2022-11-01> patch level 1
L3 programming layer <2023-02-22>
(/usr/share/texmf-dist/tex/latex/koma-script/scrartcl.cls
Document Class: scrartcl 2022/10/12 v3.38 KOMA-Script document class (article)
(/usr/share/texmf-dist/tex/latex/koma-script/scrkbase.sty
Package: scrkbase 2022/10/12 v3.38 KOMA-Script package (KOMA-Script-dependent b
asics and keyval usage)

(/usr/share/texmf-dist/tex/latex/koma-script/scrbase.sty
Package: scrbase 2022/10/12 v3.38 KOMA-Script package (KOMA-Script-independent 
basics and keyval usage)

(/usr/share/texmf-dist/tex/latex/koma-script/scrlfile.sty
Package: scrlfile 2022/10/12 v3.38 KOMA-Script package (file load hooks)

(/usr/share/texmf-dist/tex/latex/koma-script/scrlfile-hook.sty
Package: scrlfile-hook 2022/10/12 v3.38 KOMA-Script package (using LaTeX hooks)


(/usr/share/texmf-dist/tex/latex/koma-script/scrlogo.sty
Package: scrlogo 2022/10/12 v3.38 KOMA-Script package (logo)
)))
(/usr/share/texmf-dist/tex/latex/graphics/keyval.sty
Package: keyval 2022/05/29 v1.15 key=value parser (DPC)
\KV@toks@=\toks16
)
Applying: [2021/05/01] Usage of raw or classic option list on input line 252.
Already applied: [0000/00/00] Usage of raw or classic option list on input line
 368.
))
(/usr/share/texmf-dist/tex/latex/koma-script/tocbasic.sty
Package: tocbasic 2022/10/12 v3.38 KOMA-Script package (handling toc-files)
\scr@dte@tocline@numberwidth=\skip48
\scr@dte@tocline@numbox=\box51
)
Package tocbasic Info: omitting babel extension for `toc'
(tocbasic)             because of feature `nobabel' available
(tocbasic)             for `toc' on input line 135.
Class scrartcl Info: File `scrsize11pt.clo' used instead of
(scrartcl)           file `scrsize11.clo' to setup font sizes on input line 236
7.

(/usr/share/texmf-dist/tex/latex/koma-script/scrsize11pt.clo
File: scrsize11pt.clo 2022/10/12 v3.38 KOMA-Script font size class option (11pt
)
Font mapping `tex-text.tec' for font `[lmroman10-regular]:mapping=tex-text;' no
t found.
)
(/usr/share/texmf-dist/tex/latex/koma-script/typearea.sty
Package: typearea 2022/10/12 v3.38 KOMA-Script package (type area)
\ta@bcor=\skip49
\ta@div=\count181
\ta@hblk=\skip50
\ta@vblk=\skip51
\ta@temp=\skip52
\footheight=\skip53
Package typearea Info: These are the values describing the layout:
(typearea)             DIV  = 10
(typearea)             BCOR = 0.0pt
(typearea)             \paperwidth      = 597.50793pt
(typearea)              \textwidth      = 418.25555pt
(typearea)              DIV departure   = -6%
(typearea)              \evensidemargin = 17.3562pt
(typearea)              \oddsidemargin  = 17.3562pt
(typearea)             \paperheight     = 845.04694pt
(typearea)              \textheight     = 595.80026pt
(typearea)              \topmargin      = -25.16531pt
(typearea)              \headheight     = 17.0pt
(typearea)              \headsep        = 20.40001pt
(typearea)              \topskip        = 11.0pt
(typearea)              \footskip       = 47.6pt
(typearea)              \baselineskip   = 13.6pt
(typearea)              on input line 1767.
)
\c@part=\count182
\c@section=\count183
\c@subsection=\count184
\c@subsubsection=\count185
\c@paragraph=\count186
\c@subparagraph=\count187
\scr@dte@section@maxnumwidth=\skip54
Class scrartcl Info: using compatibility default `runin=bysign'
(scrartcl)           for `\section on input line 4994.
Class scrartcl Info: using compatibility default `afterindent=bysign'
(scrartcl)           for `\section on input line 4994.
\scr@dte@part@maxnumwidth=\skip55
Class scrartcl Info: using compatibility default `afterindent=false'
(scrartcl)           for `\part on input line 5002.
\scr@dte@subsection@maxnumwidth=\skip56
Class scrartcl Info: using compatibility default `runin=bysign'
(scrartcl)           for `\subsection on input line 5012.
Class scrartcl Info: using compatibility default `afterindent=bysign'
(scrartcl)           for `\subsection on input line 5012.
\scr@dte@subsubsection@maxnumwidth=\skip57
Class scrartcl Info: using compatibility default `runin=bysign'
(scrartcl)           for `\subsubsection on input line 5022.
Class scrartcl Info: using compatibility default `afterindent=bysign'
(scrartcl)           for `\subsubsection on input line 5022.
\scr@dte@paragraph@maxnumwidth=\skip58
Class scrartcl Info: using compatibility default `runin=bysign'
(scrartcl)           for `\paragraph on input line 5033.
Class scrartcl Info: using compatibility default `afterindent=bysign'
(scrartcl)           for `\paragraph on input line 5033.
\scr@dte@subparagraph@maxnumwidth=\skip59
Class scrartcl Info: using compatibility default `runin=bysign'
(scrartcl)           for `\subparagraph on input line 5043.
Class scrartcl Info: using compatibility default `afterindent=bysign'
(scrartcl)           for `\subparagraph on input line 5043.
\abovecaptionskip=\skip60
\belowcaptionskip=\skip61
\c@pti@nb@sid@b@x=\box52
Package tocbasic Info: omitting babel extension for `lof'
(tocbasic)             because of feature `nobabel' available
(tocbasic)             for `lof' on input line 6211.
\scr@dte@figure@maxnumwidth=\skip62
\c@figure=\count188
Package tocbasic Info: omitting babel extension for `lot'
(tocbasic)             because of feature `nobabel' available
(tocbasic)             for `lot' on input line 6227.
\scr@dte@table@maxnumwidth=\skip63
\c@table=\count189
Class scrartcl Info: Redefining `\numberline' on input line 6397.
\bibindent=\dimen140
)
(/usr/share/texmf-dist/tex/latex/amsmath/amsmath.sty
Package: amsmath 2022/04/08 v2.17n AMS math features
\@mathmargin=\skip64

For additional information on amsmath, use the `?' option.
(/usr/share/texmf-dist/tex/latex/amsmath/amstext.sty
Package: amstext 2021/08/26 v2.01 AMS text

(/usr/share/texmf-dist/tex/latex/amsmath/amsgen.sty
File: amsgen.sty 1999/11/30 v2.0 generic functions
\@emptytoks=\toks17
\ex@=\dimen141
))
(/usr/share/texmf-dist/tex/latex/amsmath/amsbsy.sty
Package: amsbsy 1999/11/29 v1.2d Bold Symbols
\pmbraise@=\dimen142
)
(/usr/share/texmf-dist/tex/latex/amsmath/amsopn.sty
Package: amsopn 2022/04/08 v2.04 operator names
)
\inf@bad=\count190
LaTeX Info: Redefining \frac on input line 234.
\uproot@=\count191
\leftroot@=\count192
LaTeX Info: Redefining \overline on input line 399.
LaTeX Info: Redefining \colon on input line 410.
\classnum@=\count193
\DOTSCASE@=\count194
LaTeX Info: Redefining \ldots on input line 496.
LaTeX Info: Redefining \dots on input line 499.
LaTeX Info: Redefining \cdots on input line 620.
\Mathstrutbox@=\box53
\strutbox@=\box54
LaTeX Info: Redefining \big on input line 722.
LaTeX Info: Redefining \Big on input line 723.
LaTeX Info: Redefining \bigg on input line 724.
LaTeX Info: Redefining \Bigg on input line 725.
\big@size=\dimen143
LaTeX Font Info:    Redeclaring font encoding OML on input line 743.
LaTeX Font Info:    Redeclaring font encoding OMS on input line 744.
\macc@depth=\count195
LaTeX Info: Redefining \bmod on input line 905.
LaTeX Info: Redefining \pmod on input line 910.
LaTeX Info: Redefining \smash on input line 940.
LaTeX Info: Redefining \relbar on input line 970.
LaTeX Info: Redefining \Relbar on input line 971.
\c@MaxMatrixCols=\count196
\dotsspace@=\muskip16
\c@parentequation=\count197
\dspbrk@lvl=\count198
\tag@help=\toks18
\row@=\count199
\column@=\count266
\maxfields@=\count267
\andhelp@=\toks19
\eqnshift@=\dimen144
\alignsep@=\dimen145
\tagshift@=\dimen146
\tagwidth@=\dimen147
\totwidth@=\dimen148
\lineht@=\dimen149
\@envbody=\toks20
\multlinegap=\skip65
\multlinetaggap=\skip66
\mathdisplay@stack=\toks21
LaTeX Info: Redefining \[ on input line 2953.
LaTeX Info: Redefining \] on input line 2954.
)
(/usr/share/texmf-dist/tex/latex/amsfonts/amssymb.sty
Package: amssymb 2013/01/14 v3.01 AMS font symbols

(/usr/share/texmf-dist/tex/latex/amsfonts/amsfonts.sty
Package: amsfonts 2013/01/14 v3.01 Basic AMSFonts support
\symAMSa=\mathgroup4
\symAMSb=\mathgroup5
LaTeX Font Info:    Redeclaring math symbol \hbar on input line 98.
LaTeX Font Info:    Overwriting math alphabet `\mathfrak' in version `bold'
(Font)                  U/euf/m/n --> U/euf/b/n on input line 106.
))
(/usr/share/texmf-dist/tex/latex/lm/lmodern.sty
Package: lmodern 2015/05/01 v1.6.1 Latin Modern Fonts
LaTeX Font Info:    Overwriting symbol font `operators' in version `normal'
(Font)                  OT1/cmr/m/n --> OT1/lmr/m/n on input line 22.
LaTeX Font Info:    Overwriting symbol font `letters' in version `normal'
(Font)                  OML/cmm/m/it --> OML/lmm/m/it on input line 23.
LaTeX Font Info:    Overwriting symbol font `symbols' in version `normal'
(Font)                  OMS/cmsy/m/n --> OMS/lmsy/m/n on input line 24.
LaTeX Font Info:    Overwriting symbol font `largesymbols' in version `normal'
(Font)                  OMX/cmex/m/n --> OMX/lmex/m/n on input line 25.
LaTeX Font Info:    Overwriting symbol font `operators' in version `bold'
(Font)                  OT1/cmr/bx/n --> OT1/lmr/bx/n on input line 26.
LaTeX Font Info:    Overwriting symbol font `letters' in version `bold'
(Font)                  OML/cmm/b/it --> OML/lmm/b/it on input line 27.
LaTeX Font Info:    Overwriting symbol font `symbols' in version `bold'
(Font)                  OMS/cmsy/b/n --> OMS/lmsy/b/n on input line 28.
LaTeX Font Info:    Overwriting symbol font `largesymbols' in version `bold'
(Font)                  OMX/cmex/m/n --> OMX/lmex/m/n on input line 29.
LaTeX Font Info:    Overwriting math alphabet `\mathbf' in version `normal'
(Font)                  OT1/cmr/bx/n --> OT1/lmr/bx/n on input line 31.
LaTeX Font Info:    Overwriting math alphabet `\mathsf' in version `normal'
(Font)                  OT1/cmss/m/n --> OT1/lmss/m/n on input line 32.
LaTeX Font Info:    Overwriting math alphabet `\mathit' in version `normal'
(Font)                  OT1/cmr/m/it --> OT1/lmr/m/it on input line 33.
LaTeX Font Info:    Overwriting math alphabet `\mathtt' in version `normal'
(Font)                  OT1/cmtt/m/n --> OT1/lmtt/m/n on input line 34.
LaTeX Font Info:    Overwriting math alphabet `\mathbf' in version `bold'
(Font)                  OT1/cmr/bx/n --> OT1/lmr/bx/n on input line 35.
LaTeX Font Info:    Overwriting math alphabet `\mathsf' in version `bold'
(Font)                  OT1/cmss/bx/n --> OT1/lmss/bx/n on input line 36.
LaTeX Font Info:    Overwriting math alphabet `\mathit' in version `bold'
(Font)                  OT1/cmr/bx/it --> OT1/lmr/bx/it on input line 37.
LaTeX Font Info:    Overwriting math alphabet `\mathtt' in version `bold'
(Font)                  OT1/cmtt/m/n --> OT1/lmtt/m/n on input line 38.
)
(/usr/share/texmf-dist/tex/generic/iftex/iftex.sty
Package: iftex 2022/02/03 v1.0f TeX engine tests
)
(/usr/share/texmf-dist/tex/latex/unicode-math/unicode-math.sty
(/usr/share/texmf-dist/tex/latex/l3kernel/expl3.sty
Package: expl3 2023-02-22 L3 programming layer (loader) 

(/usr/share/texmf-dist/tex/latex/l3backend/l3backend-xetex.def
File: l3backend-xetex.def 2023-01-16 L3 backend support: XeTeX
\g__graphics_track_int=\count268
\l__pdf_internal_box=\box55
\g__pdf_backend_object_int=\count269
\g__pdf_backend_annotation_int=\count270
\g__pdf_backend_link_int=\count271
))
Package: unicode-math 2020/01/31 v0.8q Unicode maths in XeLaTeX and LuaLaTeX

(/usr/share/texmf-dist/tex/latex/unicode-math/unicode-math-xetex.sty
Package: unicode-math-xetex 2020/01/31 v0.8q Unicode maths in XeLaTeX and LuaLa
TeX

(/usr/share/texmf-dist/tex/latex/l3packages/xparse/xparse.sty
Package: xparse 2023-02-02 L3 Experimental document command parser
)
(/usr/share/texmf-dist/tex/latex/l3packages/l3keys2e/l3keys2e.sty
Package: l3keys2e 2023-02-02 LaTeX2e option processing using LaTeX3 keys
)
(/usr/share/texmf-dist/tex/latex/fontspec/fontspec.sty
Package: fontspec 2022/01/15 v2.8a Font selection for XeLaTeX and LuaLaTeX

(/usr/share/texmf-dist/tex/latex/fontspec/fontspec-xetex.sty
Package: fontspec-xetex 2022/01/15 v2.8a Font selection for XeLaTeX and LuaLaTe
X
\l__fontspec_script_int=\count272
\l__fontspec_language_int=\count273
\l__fontspec_strnum_int=\count274
\l__fontspec_tmp_int=\count275
\l__fontspec_tmpa_int=\count276
\l__fontspec_tmpb_int=\count277
\l__fontspec_tmpc_int=\count278
\l__fontspec_em_int=\count279
\l__fontspec_emdef_int=\count280
\l__fontspec_strong_int=\count281
\l__fontspec_strongdef_int=\count282
\l__fontspec_tmpa_dim=\dimen150
\l__fontspec_tmpb_dim=\dimen151
\l__fontspec_tmpc_dim=\dimen152

(/usr/share/texmf-dist/tex/latex/base/fontenc.sty
Package: fontenc 2021/04/29 v2.0v Standard LaTeX package
)
(/usr/share/texmf-dist/tex/latex/fontspec/fontspec.cfg)
Font mapping `tex-text.tec' for font `[lmroman10-bold]:mapping=tex-text;' not f
ound.
))
(/usr/share/texmf-dist/tex/latex/base/fix-cm.sty
Package: fix-cm 2020/11/24 v1.1t fixes to LaTeX

(/usr/share/texmf-dist/tex/latex/base/ts1enc.def
File: ts1enc.def 2001/06/05 v3.0e (jk/car/fm) Standard LaTeX file
LaTeX Font Info:    Redeclaring font encoding TS1 on input line 47.
))
\g__um_fam_int=\count283
\g__um_fonts_used_int=\count284
\l__um_primecount_int=\count285
\g__um_primekern_muskip=\muskip17

(/usr/share/texmf-dist/tex/latex/unicode-math/unicode-math-table.tex)))

Package fontspec Info: DejaVu Sans scale = 0.788112595521966.


Package fontspec Info: DejaVu Sans scale = 0.788112595521966.


Package fontspec Info: DejaVu Sans/B scale = 0.788112595521966.


Package fontspec Info: DejaVu Sans/I scale = 0.788112595521966.


Package fontspec Info: DejaVu Sans/BI scale = 0.788112595521966.


Package fontspec Info: Font family 'DejaVuSans(0)' created for font 'DejaVu
(fontspec)             Sans' with options
(fontspec)             [Scale=MatchLowercase,Ligatures=TeX,Scale=1].
(fontspec)              
(fontspec)              This font family consists of the following NFSS
(fontspec)             series/shapes:
(fontspec)              
(fontspec)             - 'normal' (m/n) with NFSS spec.: <->s*[1]"DejaVu
(fontspec)             Sans/OT:script=latn;language=dflt;mapping=tex-text;"
(fontspec)             - 'small caps'  (m/sc) with NFSS spec.: 
(fontspec)             - 'bold' (b/n) with NFSS spec.: <->s*[1]"DejaVu
(fontspec)             Sans/B/OT:script=latn;language=dflt;mapping=tex-text;"
(fontspec)             - 'bold small caps'  (b/sc) with NFSS spec.: 
(fontspec)             - 'italic' (m/it) with NFSS spec.: <->s*[1]"DejaVu
(fontspec)             Sans/I/OT:script=latn;language=dflt;mapping=tex-text;"
(fontspec)             - 'italic small caps'  (m/scit) with NFSS spec.: 
(fontspec)             - 'bold italic' (b/it) with NFSS spec.: <->s*[1]"DejaVu
(fontspec)             Sans/BI/OT:script=latn;language=dflt;mapping=tex-text;"
(fontspec)             - 'bold italic small caps'  (b/scit) with NFSS spec.: 

LaTeX Font Info:    Font shape `TU/DejaVuSans(0)/m/n' will be
(Font)              scaled to size 10.95pt on input line 20.
Font mapping `tex-text.tec' for font `DejaVu Sans' not found.

Package fontspec Info: DejaVu Sans scale = 0.9999974518982085.


Package fontspec Info: DejaVu Sans scale = 0.9999974518982085.


Package fontspec Info: DejaVu Sans/B scale = 0.9999974518982085.


Package fontspec Info: DejaVu Sans/I scale = 0.9999974518982085.


Package fontspec Info: DejaVu Sans/BI scale = 0.9999974518982085.


Package fontspec Info: Font family 'DejaVuSans(1)' created for font 'DejaVu
(fontspec)             Sans' with options [Scale=MatchLowercase].
(fontspec)              
(fontspec)              This font family consists of the following NFSS
(fontspec)             series/shapes:
(fontspec)              
(fontspec)             - 'normal' (m/n) with NFSS spec.:
(fontspec)             <->s*[0.9999974518982085]"DejaVu
(fontspec)             Sans/OT:script=latn;language=dflt;"
(fontspec)             - 'small caps'  (m/sc) with NFSS spec.: 
(fontspec)             - 'bold' (b/n) with NFSS spec.:
(fontspec)             <->s*[0.9999974518982085]"DejaVu
(fontspec)             Sans/B/OT:script=latn;language=dflt;"
(fontspec)             - 'bold small caps'  (b/sc) with NFSS spec.: 
(fontspec)             - 'italic' (m/it) with NFSS spec.:
(fontspec)             <->s*[0.9999974518982085]"DejaVu
(fontspec)             Sans/I/OT:script=latn;language=dflt;"
(fontspec)             - 'italic small caps'  (m/scit) with NFSS spec.: 
(fontspec)             - 'bold italic' (b/it) with NFSS spec.:
(fontspec)             <->s*[0.9999974518982085]"DejaVu
(fontspec)             Sans/BI/OT:script=latn;language=dflt;"
(fontspec)             - 'bold italic small caps'  (b/scit) with NFSS spec.: 

LaTeX Font Info:    Overwriting math alphabet `\mathrm' in version `normal'
(Font)                  OT1/lmr/m/n --> TU/DejaVuSans(1)/m/n on input line 20.
LaTeX Font Info:    Overwriting math alphabet `\mathit' in version `normal'
(Font)                  OT1/lmr/m/it --> TU/DejaVuSans(1)/m/it on input line 20
.
LaTeX Font Info:    Overwriting math alphabet `\mathbf' in version `normal'
(Font)                  OT1/lmr/bx/n --> TU/DejaVuSans(1)/b/n on input line 20.


(/usr/share/texmf-dist/tex/latex/upquote/upquote.sty
Package: upquote 2012/04/19 v1.3 upright-quote and grave-accent glyphs in verba
tim

(/usr/share/texmf-dist/tex/latex/base/textcomp.sty
Package: textcomp 2020/02/02 v2.0n Standard LaTeX package
))
(/usr/share/texmf-dist/tex/latex/microtype/microtype.sty
Package: microtype 2023/03/13 v3.1a Micro-typographical refinements (RS)

(/usr/share/texmf-dist/tex/latex/etoolbox/etoolbox.sty
Package: etoolbox 2020/10/05 v2.5k e-TeX tools for LaTeX (JAW)
\etb@tempcnta=\count286
)
\MT@toks=\toks22
\MT@tempbox=\box56
\MT@count=\count287
LaTeX Info: Redefining \noprotrusionifhmode on input line 1059.
LaTeX Info: Redefining \leftprotrusion on input line 1060.
\MT@prot@toks=\toks23
LaTeX Info: Redefining \rightprotrusion on input line 1078.
LaTeX Info: Redefining \textls on input line 1368.
\MT@outer@kern=\dimen153
LaTeX Info: Redefining \textmicrotypecontext on input line 1988.
\MT@listname@count=\count288

(/usr/share/texmf-dist/tex/latex/microtype/microtype-xetex.def
File: microtype-xetex.def 2023/03/13 v3.1a Definitions specific to xetex (RS)
LaTeX Info: Redefining \lsstyle on input line 238.
)
Package microtype Info: Loading configuration file microtype.cfg.

(/usr/share/texmf-dist/tex/latex/microtype/microtype.cfg
File: microtype.cfg 2023/03/13 v3.1a microtype main configuration file (RS)
))
(/usr/share/texmf-dist/tex/latex/xcolor/xcolor.sty
Package: xcolor 2022/06/12 v2.14 LaTeX color extensions (UK)

(/usr/share/texmf-dist/tex/latex/graphics-cfg/color.cfg
File: color.cfg 2016/01/02 v1.6 sample color configuration
)
Package xcolor Info: Driver file: xetex.def on input line 227.

(/usr/share/texmf-dist/tex/latex/graphics-def/xetex.def
File: xetex.def 2022/09/22 v5.0n Graphics/color driver for xetex
)
(/usr/share/texmf-dist/tex/latex/graphics/mathcolor.ltx)
Package xcolor Info: Model `cmy' substituted by `cmy0' on input line 1353.
Package xcolor Info: Model `RGB' extended on input line 1369.
Package xcolor Info: Model `HTML' substituted by `rgb' on input line 1371.
Package xcolor Info: Model `Hsb' substituted by `hsb' on input line 1372.
Package xcolor Info: Model `tHsb' substituted by `hsb' on input line 1373.
Package xcolor Info: Model `HSB' substituted by `hsb' on input line 1374.
Package xcolor Info: Model `Gray' substituted by `gray' on input line 1375.
Package xcolor Info: Model `wave' substituted by `hsb' on input line 1376.
)
(/usr/share/texmf-dist/tex/latex/xurl/xurl.sty
Package: xurl 2022/01/09 v 0.10 modify URL breaks

(/usr/share/texmf-dist/tex/latex/url/url.sty
\Urlmuskip=\muskip18
Package: url 2013/09/16  ver 3.4  Verb mode for urls, etc.
))
(/usr/share/texmf-dist/tex/latex/bookmark/bookmark.sty
Package: bookmark 2020-11-06 v1.29 PDF bookmarks (HO)

(/usr/share/texmf-dist/tex/latex/hyperref/hyperref.sty
Package: hyperref 2023-02-07 v7.00v Hypertext links for LaTeX

(/usr/share/texmf-dist/tex/generic/ltxcmds/ltxcmds.sty
Package: ltxcmds 2020-05-10 v1.25 LaTeX kernel commands for general use (HO)
)
(/usr/share/texmf-dist/tex/generic/pdftexcmds/pdftexcmds.sty
Package: pdftexcmds 2020-06-27 v0.33 Utility functions of pdfTeX for LuaTeX (HO
)

(/usr/share/texmf-dist/tex/generic/infwarerr/infwarerr.sty
Package: infwarerr 2019/12/03 v1.5 Providing info/warning/error messages (HO)
)
Package pdftexcmds Info: \pdf@primitive is available.
Package pdftexcmds Info: \pdf@ifprimitive is available.
Package pdftexcmds Info: \pdfdraftmode not found.
)
(/usr/share/texmf-dist/tex/latex/kvsetkeys/kvsetkeys.sty
Package: kvsetkeys 2022-10-05 v1.19 Key value parser (HO)
)
(/usr/share/texmf-dist/tex/generic/kvdefinekeys/kvdefinekeys.sty
Package: kvdefinekeys 2019-12-19 v1.6 Define keys (HO)
)
(/usr/share/texmf-dist/tex/generic/pdfescape/pdfescape.sty
Package: pdfescape 2019/12/09 v1.15 Implements pdfTeX's escape features (HO)
)
(/usr/share/texmf-dist/tex/latex/hycolor/hycolor.sty
Package: hycolor 2020-01-27 v1.10 Color options for hyperref/bookmark (HO)
)
(/usr/share/texmf-dist/tex/latex/letltxmacro/letltxmacro.sty
Package: letltxmacro 2019/12/03 v1.6 Let assignment for LaTeX macros (HO)
)
(/usr/share/texmf-dist/tex/latex/auxhook/auxhook.sty
Package: auxhook 2019-12-17 v1.6 Hooks for auxiliary files (HO)
)
(/usr/share/texmf-dist/tex/latex/hyperref/nameref.sty
Package: nameref 2022-05-17 v2.50 Cross-referencing by name of section

(/usr/share/texmf-dist/tex/latex/refcount/refcount.sty
Package: refcount 2019/12/15 v3.6 Data extraction from label references (HO)
)
(/usr/share/texmf-dist/tex/generic/gettitlestring/gettitlestring.sty
Package: gettitlestring 2019/12/15 v1.6 Cleanup title references (HO)

(/usr/share/texmf-dist/tex/latex/kvoptions/kvoptions.sty
Package: kvoptions 2022-06-15 v3.15 Key value format for package options (HO)
))
\c@section@level=\count289
)
\@linkdim=\dimen154
\Hy@linkcounter=\count290
\Hy@pagecounter=\count291

(/usr/share/texmf-dist/tex/latex/hyperref/pd1enc.def
File: pd1enc.def 2023-02-07 v7.00v Hyperref: PDFDocEncoding definition (HO)
)
(/usr/share/texmf-dist/tex/generic/intcalc/intcalc.sty
Package: intcalc 2019/12/15 v1.3 Expandable calculations with integers (HO)
)
(/usr/share/texmf-dist/tex/generic/etexcmds/etexcmds.sty
Package: etexcmds 2019/12/15 v1.7 Avoid name clashes with e-TeX commands (HO)
)
\Hy@SavedSpaceFactor=\count292

(/usr/share/texmf-dist/tex/latex/hyperref/puenc.def
File: puenc.def 2023-02-07 v7.00v Hyperref: PDF Unicode definition (HO)
)
Package hyperref Info: Option `unicode' set `true' on input line 4060.
Package hyperref Info: Hyper figures OFF on input line 4177.
Package hyperref Info: Link nesting OFF on input line 4182.
Package hyperref Info: Hyper index ON on input line 4185.
Package hyperref Info: Plain pages OFF on input line 4192.
Package hyperref Info: Backreferencing OFF on input line 4197.
Package hyperref Info: Implicit mode ON; LaTeX internals redefined.
Package hyperref Info: Bookmarks ON on input line 4425.
\c@Hy@tempcnt=\count293
LaTeX Info: Redefining \url on input line 4763.
\XeTeXLinkMargin=\dimen155

(/usr/share/texmf-dist/tex/generic/bitset/bitset.sty
Package: bitset 2019/12/09 v1.3 Handle bit-vector datatype (HO)

(/usr/share/texmf-dist/tex/generic/bigintcalc/bigintcalc.sty
Package: bigintcalc 2019/12/15 v1.5 Expandable calculations on big integers (HO
)
))
\Fld@menulength=\count294
\Field@Width=\dimen156
\Fld@charsize=\dimen157
Package hyperref Info: Hyper figures OFF on input line 6042.
Package hyperref Info: Link nesting OFF on input line 6047.
Package hyperref Info: Hyper index ON on input line 6050.
Package hyperref Info: backreferencing OFF on input line 6057.
Package hyperref Info: Link coloring OFF on input line 6062.
Package hyperref Info: Link coloring with OCG OFF on input line 6067.
Package hyperref Info: PDF/A mode OFF on input line 6072.

(/usr/share/texmf-dist/tex/latex/base/atbegshi-ltx.sty
Package: atbegshi-ltx 2021/01/10 v1.0c Emulation of the original atbegshi
package with kernel methods
)
\Hy@abspage=\count295
\c@Item=\count296
\c@Hfootnote=\count297
)
Package hyperref Info: Driver (autodetected): hxetex.

(/usr/share/texmf-dist/tex/latex/hyperref/hxetex.def
File: hxetex.def 2023-02-07 v7.00v Hyperref driver for XeTeX

(/usr/share/texmf-dist/tex/generic/stringenc/stringenc.sty
Package: stringenc 2019/11/29 v1.12 Convert strings between diff. encodings (HO
)
)
\pdfm@box=\box57
\c@Hy@AnnotLevel=\count298
\HyField@AnnotCount=\count299
\Fld@listcount=\count300
\c@bookmark@seq@number=\count301

(/usr/share/texmf-dist/tex/latex/rerunfilecheck/rerunfilecheck.sty
Package: rerunfilecheck 2022-07-10 v1.10 Rerun checks for auxiliary files (HO)

(/usr/share/texmf-dist/tex/latex/base/atveryend-ltx.sty
Package: atveryend-ltx 2020/08/19 v1.0a Emulation of the original atveryend pac
kage
with kernel methods
)
(/usr/share/texmf-dist/tex/generic/uniquecounter/uniquecounter.sty
Package: uniquecounter 2019/12/15 v1.4 Provide unlimited unique counter (HO)
)
Package uniquecounter Info: New unique counter `rerunfilecheck' on input line 2
85.
)
\Hy@SectionHShift=\skip67
)
(/usr/share/texmf-dist/tex/latex/bookmark/bkm-dvipdfm.def
File: bkm-dvipdfm.def 2020-11-06 v1.29 bookmark driver for dvipdfm (HO)
\BKM@id=\count302
))
(/usr/share/texmf-dist/tex/latex/graphics/graphicx.sty
Package: graphicx 2021/09/16 v1.2d Enhanced LaTeX Graphics (DPC,SPQR)

(/usr/share/texmf-dist/tex/latex/graphics/graphics.sty
Package: graphics 2022/03/10 v1.4e Standard LaTeX Graphics (DPC,SPQR)

(/usr/share/texmf-dist/tex/latex/graphics/trig.sty
Package: trig 2021/08/11 v1.11 sin cos tan (DPC)
)
(/usr/share/texmf-dist/tex/latex/graphics-cfg/graphics.cfg
File: graphics.cfg 2016/06/04 v1.11 sample graphics configuration
)
Package graphics Info: Driver file: xetex.def on input line 107.
)
\Gin@req@height=\dimen158
\Gin@req@width=\dimen159
)
LaTeX Info: Redefining \href on input line 50.

(/usr/share/texmf-dist/tex/generic/ulem/ulem.sty
\UL@box=\box58
\UL@hyphenbox=\box59
\UL@skip=\skip68
\UL@hook=\toks24
\UL@height=\dimen160
\UL@pe=\count303
\UL@pixel=\dimen161
\ULC@box=\box60
Package: ulem 2019/11/18
\ULdepth=\dimen162
)
\cslhangindent=\skip69
\csllabelwidth=\skip70
\cslentryspacingunit=\skip71

(/usr/share/texmf-dist/tex/latex/tools/calc.sty
Package: calc 2017/05/25 v4.3 Infix arithmetic (KKT,FJ)
\calc@Acount=\count304
\calc@Bcount=\count305
\calc@Adimen=\dimen163
\calc@Bdimen=\dimen164
\calc@Askip=\skip72
\calc@Bskip=\skip73
LaTeX Info: Redefining \setlength on input line 80.
LaTeX Info: Redefining \addtolength on input line 81.
\calc@Ccount=\count306
\calc@Cskip=\skip74
)
(/usr/share/texmf-dist/tex/generic/babel/babel.sty
Package: babel 2023/02/13 3.86 The Babel package
\babel@savecnt=\count307
\U@D=\dimen165
\l@unhyphenated=\language87

(/usr/share/texmf-dist/tex/generic/babel/xebabel.def)
\bbl@readstream=\read2
\bbl@dirlevel=\count308
Package babel Info: You haven't specified a language as a class or package
(babel)             option. I'll load 'nil'. Reported on input line 4422.

(/usr/share/texmf-dist/tex/generic/babel/nil.ldf
Language: nil 2023/02/13 3.86 Nil language
\l@nil=\language88
))
\everypar=\toks25

(/usr/share/texmf-dist/tex/generic/babel/locale/es/babel-spanish.tex)
Package babel Info: Importing data for spanish
(babel)             from babel-es.ini. Reported on input line 86.


LaTeX Warning: Unused global option(s):
    [12].

(build/tesis.aux)
\openout1 = `tesis.aux'.

LaTeX Font Info:    Checking defaults for OML/cmm/m/it on input line 100.
LaTeX Font Info:    ... okay on input line 100.
LaTeX Font Info:    Checking defaults for OMS/cmsy/m/n on input line 100.
LaTeX Font Info:    ... okay on input line 100.
LaTeX Font Info:    Checking defaults for OT1/cmr/m/n on input line 100.
LaTeX Font Info:    ... okay on input line 100.
LaTeX Font Info:    Checking defaults for T1/cmr/m/n on input line 100.
LaTeX Font Info:    ... okay on input line 100.
LaTeX Font Info:    Checking defaults for TS1/cmr/m/n on input line 100.
LaTeX Font Info:    ... okay on input line 100.
LaTeX Font Info:    Checking defaults for TU/lmr/m/n on input line 100.
LaTeX Font Info:    ... okay on input line 100.
LaTeX Font Info:    Checking defaults for OMX/cmex/m/n on input line 100.
LaTeX Font Info:    ... okay on input line 100.
LaTeX Font Info:    Checking defaults for U/cmr/m/n on input line 100.
LaTeX Font Info:    ... okay on input line 100.
LaTeX Font Info:    Checking defaults for PD1/pdf/m/n on input line 100.
LaTeX Font Info:    ... okay on input line 100.
LaTeX Font Info:    Checking defaults for PU/pdf/m/n on input line 100.
LaTeX Font Info:    ... okay on input line 100.
LaTeX Font Info:    Overwriting math alphabet `\mathsf' in version `normal'
(Font)                  OT1/lmss/m/n --> TU/lmss/m/n on input line 100.
LaTeX Font Info:    Overwriting math alphabet `\mathsf' in version `bold'
(Font)                  OT1/lmss/bx/n --> TU/lmss/b/n on input line 100.
LaTeX Font Info:    Overwriting math alphabet `\mathtt' in version `normal'
(Font)                  OT1/lmtt/m/n --> TU/lmtt/m/n on input line 100.
LaTeX Font Info:    Overwriting math alphabet `\mathtt' in version `bold'
(Font)                  OT1/lmtt/m/n --> TU/lmtt/b/n on input line 100.

Package fontspec Info: latinmodern-math scale = 1.26884689374222.


Package fontspec Info: latinmodern-math scale = 1.26884689374222.


Package fontspec Info: latinmodern-math scale = 1.26884689374222.


Package fontspec Info: Font family 'latinmodern-math.otf(0)' created for font
(fontspec)             'latinmodern-math.otf' with options
(fontspec)             [Scale=MatchLowercase,BoldItalicFont={},ItalicFont={},Sm
allCapsFont={},Script=Math,BoldFont={latinmodern-math.otf}].
(fontspec)              
(fontspec)              This font family consists of the following NFSS
(fontspec)             series/shapes:
(fontspec)              
(fontspec)             - 'normal' (m/n) with NFSS spec.:
(fontspec)             <->s*[1.26884689374222]"[latinmodern-math.otf]/OT:script
=math;language=dflt;"
(fontspec)             - 'small caps'  (m/sc) with NFSS spec.: 
(fontspec)             - 'bold' (b/n) with NFSS spec.:
(fontspec)             <->s*[1.26884689374222]"[latinmodern-math.otf]/OT:script
=math;language=dflt;"
(fontspec)             - 'bold small caps'  (b/sc) with NFSS spec.: 

LaTeX Font Info:    Font shape `TU/latinmodern-math.otf(0)/m/n' will be
(Font)              scaled to size 13.89383pt on input line 100.

Package fontspec Info: latinmodern-math scale = 1.26884689374222.


Package fontspec Info: latinmodern-math scale = 1.26884689374222.


Package fontspec Info: latinmodern-math scale = 1.26884689374222.


Package fontspec Info: latinmodern-math scale = 1.26884689374222.


Package fontspec Info: latinmodern-math scale = 1.26884689374222.


Package fontspec Info: Font family 'latinmodern-math.otf(1)' created for font
(fontspec)             'latinmodern-math.otf' with options
(fontspec)             [Scale=MatchLowercase,BoldItalicFont={},ItalicFont={},Sm
allCapsFont={},Script=Math,SizeFeatures={{Size=9.3075-},{Size=6.57-9.3075,Font=
latinmodern-math.otf,Style=MathScript},{Size=-6.57,Font=latinmodern-math.otf,St
yle=MathScriptScript}},BoldFont={latinmodern-math.otf}].
(fontspec)              
(fontspec)              This font family consists of the following NFSS
(fontspec)             series/shapes:
(fontspec)              
(fontspec)             - 'normal' (m/n) with NFSS spec.:
(fontspec)             <9.3075->s*[1.26884689374222]"[latinmodern-math.otf]/OT:
script=math;language=dflt;"<6.57-9.3075>s*[1.26884689374222]"[latinmodern-math.
otf]/OT:script=math;language=dflt;+ssty=0;"<-6.57>s*[1.26884689374222]"[latinmo
dern-math.otf]/OT:script=math;language=dflt;+ssty=1;"
(fontspec)             - 'small caps'  (m/sc) with NFSS spec.: 
(fontspec)             - 'bold' (b/n) with NFSS spec.:
(fontspec)             <->s*[1.26884689374222]"[latinmodern-math.otf]/OT:script
=math;language=dflt;"
(fontspec)             - 'bold small caps'  (b/sc) with NFSS spec.: 

LaTeX Font Info:    Font shape `TU/latinmodern-math.otf(1)/m/n' will be
(Font)              scaled to size 13.89383pt on input line 100.
LaTeX Font Info:    Encoding `OT1' has changed to `TU' for symbol font
(Font)              `operators' in the math version `normal' on input line 100.

LaTeX Font Info:    Overwriting symbol font `operators' in version `normal'
(Font)                  OT1/lmr/m/n --> TU/latinmodern-math.otf(1)/m/n on input
 line 100.
LaTeX Font Info:    Encoding `OT1' has changed to `TU' for symbol font
(Font)              `operators' in the math version `bold' on input line 100.
LaTeX Font Info:    Overwriting symbol font `operators' in version `bold'
(Font)                  OT1/lmr/bx/n --> TU/latinmodern-math.otf(1)/b/n on inpu
t line 100.

Package fontspec Info: latinmodern-math scale = 1.26884689374222.


Package fontspec Info: latinmodern-math scale = 1.268973778431594.


Package fontspec Info: latinmodern-math scale = 1.26884689374222.


Package fontspec Info: latinmodern-math scale = 1.268973778431594.


Package fontspec Info: latinmodern-math scale = 1.26884689374222.


Package fontspec Info: latinmodern-math scale = 1.268973778431594.


Package fontspec Info: latinmodern-math scale = 1.26884689374222.


Package fontspec Info: latinmodern-math scale = 1.268973778431594.


Package fontspec Info: latinmodern-math scale = 1.26884689374222.


Package fontspec Info: latinmodern-math scale = 1.268973778431594.


Package fontspec Info: Font family 'latinmodern-math.otf(2)' created for font
(fontspec)             'latinmodern-math.otf' with options
(fontspec)             [Scale=MatchLowercase,BoldItalicFont={},ItalicFont={},Sm
allCapsFont={},Script=Math,SizeFeatures={{Size=9.3075-},{Size=6.57-9.3075,Font=
latinmodern-math.otf,Style=MathScript},{Size=-6.57,Font=latinmodern-math.otf,St
yle=MathScriptScript}},BoldFont={latinmodern-math.otf},ScaleAgain=1.0001,FontAd
justment={\fontdimen
(fontspec)             8\font =9.40613pt\relax \fontdimen 9\font
(fontspec)             =5.47417pt\relax \fontdimen 10\font =6.16885pt\relax
(fontspec)             \fontdimen 11\font =9.53117pt\relax \fontdimen 12\font
(fontspec)             =4.79337pt\relax \fontdimen 13\font =5.04346pt\relax
(fontspec)             \fontdimen 14\font =5.04346pt\relax \fontdimen 15\font
(fontspec)             =4.01532pt\relax \fontdimen 16\font =3.43178pt\relax
(fontspec)             \fontdimen 17\font =3.43178pt\relax \fontdimen 18\font
(fontspec)             =3.47346pt\relax \fontdimen 19\font =2.77876pt\relax
(fontspec)             \fontdimen 22\font =3.47346pt\relax \fontdimen 20\font
(fontspec)             =0pt\relax \fontdimen 21\font =0pt\relax }].
(fontspec)              
(fontspec)              This font family consists of the following NFSS
(fontspec)             series/shapes:
(fontspec)              
(fontspec)             - 'normal' (m/n) with NFSS spec.:
(fontspec)             <9.3075->s*[1.268973778431594]"[latinmodern-math.otf]/OT
:script=math;language=dflt;"<6.57-9.3075>s*[1.268973778431594]"[latinmodern-mat
h.otf]/OT:script=math;language=dflt;+ssty=0;"<-6.57>s*[1.268973778431594]"[lati
nmodern-math.otf]/OT:script=math;language=dflt;+ssty=1;"
(fontspec)             - 'small caps'  (m/sc) with NFSS spec.: 
(fontspec)             and font adjustment code:
(fontspec)             \fontdimen 8\font =9.40613pt\relax \fontdimen 9\font
(fontspec)             =5.47417pt\relax \fontdimen 10\font =6.16885pt\relax
(fontspec)             \fontdimen 11\font =9.53117pt\relax \fontdimen 12\font
(fontspec)             =4.79337pt\relax \fontdimen 13\font =5.04346pt\relax
(fontspec)             \fontdimen 14\font =5.04346pt\relax \fontdimen 15\font
(fontspec)             =4.01532pt\relax \fontdimen 16\font =3.43178pt\relax
(fontspec)             \fontdimen 17\font =3.43178pt\relax \fontdimen 18\font
(fontspec)             =3.47346pt\relax \fontdimen 19\font =2.77876pt\relax
(fontspec)             \fontdimen 22\font =3.47346pt\relax \fontdimen 20\font
(fontspec)             =0pt\relax \fontdimen 21\font =0pt\relax 
(fontspec)             - 'bold' (b/n) with NFSS spec.:
(fontspec)             <->s*[1.268973778431594]"[latinmodern-math.otf]/OT:scrip
t=math;language=dflt;"
(fontspec)             - 'bold small caps'  (b/sc) with NFSS spec.: 
(fontspec)             and font adjustment code:
(fontspec)             \fontdimen 8\font =9.40613pt\relax \fontdimen 9\font
(fontspec)             =5.47417pt\relax \fontdimen 10\font =6.16885pt\relax
(fontspec)             \fontdimen 11\font =9.53117pt\relax \fontdimen 12\font
(fontspec)             =4.79337pt\relax \fontdimen 13\font =5.04346pt\relax
(fontspec)             \fontdimen 14\font =5.04346pt\relax \fontdimen 15\font
(fontspec)             =4.01532pt\relax \fontdimen 16\font =3.43178pt\relax
(fontspec)             \fontdimen 17\font =3.43178pt\relax \fontdimen 18\font
(fontspec)             =3.47346pt\relax \fontdimen 19\font =2.77876pt\relax
(fontspec)             \fontdimen 22\font =3.47346pt\relax \fontdimen 20\font
(fontspec)             =0pt\relax \fontdimen 21\font =0pt\relax 

LaTeX Font Info:    Encoding `OMS' has changed to `TU' for symbol font
(Font)              `symbols' in the math version `normal' on input line 100.
LaTeX Font Info:    Overwriting symbol font `symbols' in version `normal'
(Font)                  OMS/lmsy/m/n --> TU/latinmodern-math.otf(2)/m/n on inpu
t line 100.
LaTeX Font Info:    Encoding `OMS' has changed to `TU' for symbol font
(Font)              `symbols' in the math version `bold' on input line 100.
LaTeX Font Info:    Overwriting symbol font `symbols' in version `bold'
(Font)                  OMS/lmsy/b/n --> TU/latinmodern-math.otf(2)/b/n on inpu
t line 100.

Package fontspec Info: latinmodern-math scale = 1.26884689374222.


Package fontspec Info: latinmodern-math scale = 1.268720009052846.


Package fontspec Info: latinmodern-math scale = 1.26884689374222.


Package fontspec Info: latinmodern-math scale = 1.268720009052846.


Package fontspec Info: latinmodern-math scale = 1.26884689374222.


Package fontspec Info: latinmodern-math scale = 1.268720009052846.


Package fontspec Info: latinmodern-math scale = 1.26884689374222.


Package fontspec Info: latinmodern-math scale = 1.268720009052846.


Package fontspec Info: latinmodern-math scale = 1.26884689374222.


Package fontspec Info: latinmodern-math scale = 1.268720009052846.


Package fontspec Info: Font family 'latinmodern-math.otf(3)' created for font
(fontspec)             'latinmodern-math.otf' with options
(fontspec)             [Scale=MatchLowercase,BoldItalicFont={},ItalicFont={},Sm
allCapsFont={},Script=Math,SizeFeatures={{Size=9.3075-},{Size=6.57-9.3075,Font=
latinmodern-math.otf,Style=MathScript},{Size=-6.57,Font=latinmodern-math.otf,St
yle=MathScriptScript}},BoldFont={latinmodern-math.otf},ScaleAgain=0.9999,FontAd
justment={\fontdimen
(fontspec)             8\font =0.55576pt\relax \fontdimen 9\font
(fontspec)             =2.77876pt\relax \fontdimen 10\font =2.32027pt\relax
(fontspec)             \fontdimen 11\font =1.54222pt\relax \fontdimen 12\font
(fontspec)             =8.3363pt\relax \fontdimen 13\font =0pt\relax }].
(fontspec)              
(fontspec)              This font family consists of the following NFSS
(fontspec)             series/shapes:
(fontspec)              
(fontspec)             - 'normal' (m/n) with NFSS spec.:
(fontspec)             <9.3075->s*[1.268720009052846]"[latinmodern-math.otf]/OT
:script=math;language=dflt;"<6.57-9.3075>s*[1.268720009052846]"[latinmodern-mat
h.otf]/OT:script=math;language=dflt;+ssty=0;"<-6.57>s*[1.268720009052846]"[lati
nmodern-math.otf]/OT:script=math;language=dflt;+ssty=1;"
(fontspec)             - 'small caps'  (m/sc) with NFSS spec.: 
(fontspec)             and font adjustment code:
(fontspec)             \fontdimen 8\font =0.55576pt\relax \fontdimen 9\font
(fontspec)             =2.77876pt\relax \fontdimen 10\font =2.32027pt\relax
(fontspec)             \fontdimen 11\font =1.54222pt\relax \fontdimen 12\font
(fontspec)             =8.3363pt\relax \fontdimen 13\font =0pt\relax 
(fontspec)             - 'bold' (b/n) with NFSS spec.:
(fontspec)             <->s*[1.268720009052846]"[latinmodern-math.otf]/OT:scrip
t=math;language=dflt;"
(fontspec)             - 'bold small caps'  (b/sc) with NFSS spec.: 
(fontspec)             and font adjustment code:
(fontspec)             \fontdimen 8\font =0.55576pt\relax \fontdimen 9\font
(fontspec)             =2.77876pt\relax \fontdimen 10\font =2.32027pt\relax
(fontspec)             \fontdimen 11\font =1.54222pt\relax \fontdimen 12\font
(fontspec)             =8.3363pt\relax \fontdimen 13\font =0pt\relax 

LaTeX Font Info:    Encoding `OMX' has changed to `TU' for symbol font
(Font)              `largesymbols' in the math version `normal' on input line 1
00.
LaTeX Font Info:    Overwriting symbol font `largesymbols' in version `normal'
(Font)                  OMX/lmex/m/n --> TU/latinmodern-math.otf(3)/m/n on inpu
t line 100.
LaTeX Font Info:    Encoding `OMX' has changed to `TU' for symbol font
(Font)              `largesymbols' in the math version `bold' on input line 100
.
LaTeX Font Info:    Overwriting symbol font `largesymbols' in version `bold'
(Font)                  OMX/lmex/m/n --> TU/latinmodern-math.otf(3)/b/n on inpu
t line 100.
LaTeX Info: Redefining \microtypecontext on input line 100.
Package microtype Info: Applying patch `item' on input line 100.
Package microtype Info: Applying patch `toc' on input line 100.
Package microtype Info: Applying patch `eqnum' on input line 100.
Package microtype Info: Applying patch `footnote' on input line 100.
Package microtype Info: Applying patch `verbatim' on input line 100.
Package microtype Info: Character protrusion enabled (level 2).
Package microtype Info: Using protrusion set `basicmath'.
Package microtype Info: No adjustment of tracking.
Package microtype Info: No adjustment of spacing.
Package microtype Info: No adjustment of kerning.
Package microtype Info: Loading generic protrusion settings for font family
(microtype)             `DejaVuSans' (encoding: TU).
(microtype)             For optimal results, create family-specific settings.
(microtype)             See the microtype manual for details.
Package hyperref Info: Link coloring OFF on input line 100.
File: uco.png Graphic file (type bmp)
<uco.png>
LaTeX Font Info:    Font shape `TU/DejaVuSans(0)/m/n' will be
(Font)              scaled to size 17.28pt on input line 106.
Font mapping `tex-text.tec' for font `DejaVu Sans' not found.


LaTeX Font Warning: Font shape `TU/DejaVuSans(0)/m/sc' undefined
(Font)              using `TU/DejaVuSans(0)/m/n' instead on input line 106.

LaTeX Font Info:    Font shape `TU/DejaVuSans(0)/m/n' will be
(Font)              scaled to size 24.88pt on input line 108.
Font mapping `tex-text.tec' for font `DejaVu Sans' not found.
LaTeX Font Info:    Font shape `TU/DejaVuSans(0)/m/sc' will be
(Font)              scaled to size 24.88pt on input line 110.
LaTeX Font Info:    Font shape `TU/DejaVuSans(0)/m/n' will be
(Font)              scaled to size 14.4pt on input line 112.
Font mapping `tex-text.tec' for font `DejaVu Sans' not found.
LaTeX Font Info:    Font shape `TU/DejaVuSans(0)/m/sc' will be
(Font)              scaled to size 14.4pt on input line 112.
[1

]
Font mapping `tex-text.tec' for font `[lmsans10-regular]:mapping=tex-text;' not
 found.
Package microtype Info: Loading generic protrusion settings for font family
(microtype)             `lmss' (encoding: TU).
(microtype)             For optimal results, create family-specific settings.
(microtype)             See the microtype manual for details.
Font mapping `tex-text.tec' for font `[lmsans10-bold]:mapping=tex-text;' not fo
und.
Font mapping `tex-text.tec' for font `[lmsans10-bold]:mapping=tex-text;' not fo
und.
Package tocbasic Info: character protrusion at toc deactivated on input line 12
2.
 (build/tesis.toc
LaTeX Font Info:    Font shape `TU/latinmodern-math.otf(1)/m/n' will be
(Font)              scaled to size 9.72568pt on input line 5.
LaTeX Font Info:    Font shape `TU/latinmodern-math.otf(1)/m/n' will be
(Font)              scaled to size 6.94693pt on input line 5.
LaTeX Font Info:    Trying to load font information for OML+lmm on input line 5
.
 (/usr/share/texmf-dist/tex/latex/lm/omllmm.fd
File: omllmm.fd 2015/05/01 v1.6.1 Font defs for Latin Modern
)
LaTeX Font Info:    Font shape `TU/latinmodern-math.otf(2)/m/n' will be
(Font)              scaled to size 13.89517pt on input line 5.
LaTeX Font Info:    Font shape `TU/latinmodern-math.otf(2)/m/n' will be
(Font)              scaled to size 9.72661pt on input line 5.
LaTeX Font Info:    Font shape `TU/latinmodern-math.otf(2)/m/n' will be
(Font)              scaled to size 6.94759pt on input line 5.
LaTeX Font Info:    Font shape `TU/latinmodern-math.otf(3)/m/n' will be
(Font)              scaled to size 13.8925pt on input line 5.
LaTeX Font Info:    Font shape `TU/latinmodern-math.otf(3)/m/n' will be
(Font)              scaled to size 9.72475pt on input line 5.
LaTeX Font Info:    Font shape `TU/latinmodern-math.otf(3)/m/n' will be
(Font)              scaled to size 6.94626pt on input line 5.
LaTeX Font Info:    Trying to load font information for U+msa on input line 5.

(/usr/share/texmf-dist/tex/latex/amsfonts/umsa.fd
File: umsa.fd 2013/01/14 v3.01 AMS symbols A
)
(/usr/share/texmf-dist/tex/latex/microtype/mt-msa.cfg
File: mt-msa.cfg 2006/02/04 v1.1 microtype config. file: AMS symbols (a) (RS)
)
LaTeX Font Info:    Trying to load font information for U+msb on input line 5.

(/usr/share/texmf-dist/tex/latex/amsfonts/umsb.fd
File: umsb.fd 2013/01/14 v3.01 AMS symbols B
)
(/usr/share/texmf-dist/tex/latex/microtype/mt-msb.cfg
File: mt-msb.cfg 2005/06/01 v1.0 microtype config. file: AMS symbols (b) (RS)
) [2]
LaTeX Font Info:    Font shape `TU/DejaVuSans(0)/m/it' will be
(Font)              scaled to size 10.95pt on input line 46.
Font mapping `tex-text.tec' for font `DejaVu Sans Oblique' not found.
 [3])
\tf@toc=\write3
\openout3 = `tesis.toc'.

 [4]
LaTeX Font Info:    Font shape `TU/DejaVuSans(0)/b/n' will be
(Font)              scaled to size 10.95pt on input line 165.
Font mapping `tex-text.tec' for font `DejaVu Sans Bold' not found.
 [5]
[6] [7] [8] [9] [10] [11] [12]
Font mapping `tex-text.tec' for font `[lmsans10-bold]:mapping=tex-text;' not fo
und.
LaTeX Font Info:    Font shape `TU/DejaVuSans(0)/m/n' will be
(Font)              scaled to size 7.665pt on input line 738.
Font mapping `tex-text.tec' for font `DejaVu Sans' not found.
LaTeX Font Info:    Font shape `TU/DejaVuSans(0)/m/n' will be
(Font)              scaled to size 9.0pt on input line 745.
Font mapping `tex-text.tec' for font `DejaVu Sans' not found.
LaTeX Font Info:    Font shape `TU/latinmodern-math.otf(1)/m/n' will be
(Font)              scaled to size 11.4196pt on input line 745.
LaTeX Font Info:    Font shape `TU/latinmodern-math.otf(1)/m/n' will be
(Font)              scaled to size 7.61307pt on input line 745.
LaTeX Font Info:    Font shape `TU/latinmodern-math.otf(1)/m/n' will be
(Font)              scaled to size 6.34422pt on input line 745.
LaTeX Font Info:    Font shape `TU/latinmodern-math.otf(2)/m/n' will be
(Font)              scaled to size 11.4207pt on input line 745.
LaTeX Font Info:    Font shape `TU/latinmodern-math.otf(2)/m/n' will be
(Font)              scaled to size 7.6138pt on input line 745.
LaTeX Font Info:    Font shape `TU/latinmodern-math.otf(2)/m/n' will be
(Font)              scaled to size 6.34483pt on input line 745.
LaTeX Font Info:    Font shape `TU/latinmodern-math.otf(3)/m/n' will be
(Font)              scaled to size 11.4185pt on input line 745.
LaTeX Font Info:    Font shape `TU/latinmodern-math.otf(3)/m/n' will be
(Font)              scaled to size 7.61234pt on input line 745.
LaTeX Font Info:    Font shape `TU/latinmodern-math.otf(3)/m/n' will be
(Font)              scaled to size 6.34361pt on input line 745.
LaTeX Font Info:    Font shape `TU/DejaVuSans(0)/m/n' will be
(Font)              scaled to size 6.0pt on input line 745.
Font mapping `tex-text.tec' for font `DejaVu Sans' not found.
 [13] [14] [15] [16] [17] [18] [19] [20] [21]
[22] [23] [24] [25] [26] [27] [28] [29] [30] [31] [32] [33] [34] [35] [36]
[37] [38] [39] [40] [41] [42] [43] [44] [45] [46] [47] [48] [49] [50]
LaTeX Font Info:    Font shape `TU/lmss/bx/it' in size <12> not available
(Font)              Font shape `TU/lmss/bx/sl' tried instead on input line 2803
.
Font mapping `tex-text.tec' for font `[lmsans10-boldoblique]:mapping=tex-text;'
 not found.
 [51]
Underfull \hbox (badness 1571) in paragraph at lines 2849--2857
\TU/DejaVuSans(0)/m/n/10.95 Algo que me encanta de plataformas de juegos como [
Over The Wi-
 []


Underfull \hbox (badness 1406) in paragraph at lines 2849--2857
\TU/DejaVuSans(0)/m/n/10.95 re](https://overthewire.org/ ``The wargames OverThe
Wire can help you
 []


Underfull \hbox (badness 1199) in paragraph at lines 2867--2872
[]\TU/DejaVuSans(0)/m/n/10.95 Entonces he querido hacer un camino de victorias 
intermedias[][][] para
 []

[52] [53] [54] [55] [56] [57]
Overfull \hbox (202.60931pt too wide) in paragraph at lines 3163--3163
[]\TU/lmtt/m/n/10.95 CMD ["/bin/s6-tcpserver", "-u", "1001", "-g", "1001", "0.0
.0.0", "1337", "/bin/prlimit", "-t=3", "/bin/app"][] 
 []


Overfull \hbox (55.15204pt too wide) in paragraph at lines 3181--3184
\TU/DejaVuSans(0)/m/n/10.95 Esta configuración se está llevando a cabo en el di
rectorio ${HOME}/src/gitlab.com/gcd-
 []

[58] [59]
Underfull \hbox (badness 1033) in paragraph at lines 3315--3317
[]\TU/DejaVuSans(0)/m/n/10.95 [✓] Configurar nuestro proxy de nginx para rediri
gir el tráfico de
 []


Underfull \hbox (badness 10000) in paragraph at lines 3318--3320
[]\TU/DejaVuSans(0)/m/n/10.95 https://doc.traefik.io/traefik/getting-started/co
nfiguration-overview/
 []


Underfull \hbox (badness 10000) in paragraph at lines 3318--3320
\TU/DejaVuSans(0)/m/n/10.95 https://www.digitalocean.com/community/tutorials/ho
w-to-use-traefik-
 []

[60]
Underfull \hbox (badness 10000) in paragraph at lines 3321--3322
[]\TU/DejaVuSans(0)/m/n/10.95 https://www.digitalocean.com/community/tutorials/
how-to-use-traefik-
 []


Overfull \hbox (224.23555pt too wide) in paragraph at lines 3346--3346
 []\TU/lmtt/m/n/10.95 proxy_1  | /docker-entrypoint.sh: /docker-entrypoint.d/ i
s not empty, will attempt to perform configuration[] 
 []


Overfull \hbox (92.01433pt too wide) in paragraph at lines 3346--3346
 []\TU/lmtt/m/n/10.95 proxy_1  | /docker-entrypoint.sh: Looking for shell scrip
ts in /docker-entrypoint.d/[] 
 []


Overfull \hbox (160.99931pt too wide) in paragraph at lines 3346--3346
 []\TU/lmtt/m/n/10.95 proxy_1  | /docker-entrypoint.sh: Launching /docker-entry
point.d/10-listen-on-ipv6-by-default.sh[] 
 []


Overfull \hbox (298.96927pt too wide) in paragraph at lines 3346--3346
 []\TU/lmtt/m/n/10.95 proxy_1  | 10-listen-on-ipv6-by-default.sh: info: can not
 modify /etc/nginx/conf.d/default.conf (read-only file system?)[] 
 []


Overfull \hbox (138.00432pt too wide) in paragraph at lines 3346--3346
 []\TU/lmtt/m/n/10.95 proxy_1  | /docker-entrypoint.sh: Launching /docker-entry
point.d/20-envsubst-on-templates.sh[] 
 []


Overfull \hbox (138.00432pt too wide) in paragraph at lines 3346--3346
 []\TU/lmtt/m/n/10.95 proxy_1  | /docker-entrypoint.sh: Launching /docker-entry
point.d/30-tune-worker-processes.sh[] 
 []


Overfull \hbox (46.02434pt too wide) in paragraph at lines 3346--3346
 []\TU/lmtt/m/n/10.95 proxy_1  | /docker-entrypoint.sh: Configuration complete;
 ready for start up[] 
 []


Overfull \hbox (74.76808pt too wide) in paragraph at lines 3346--3346
 []\TU/lmtt/m/n/10.95 proxy_1  | 2021/08/13 22:26:17 [emerg] 1#1: unknown "conn
ection_upgrade" variable[] 
 []

Missing character: There is no 🗵 (U+1F5F5) in font DejaVu Sans/OT:script=latn;l
anguage=dflt;mapping=tex-text;!
Missing character: There is no 🗵 (U+1F5F5) in font DejaVu Sans/OT:script=latn;l
anguage=dflt;mapping=tex-text;!
[61]
Overfull \hbox (147.64923pt too wide) in paragraph at lines 3376--3380
[]\TU/DejaVuSans(0)/m/n/10.95 Se pueden agregar scripts en \TU/lmtt/m/n/10.95 $
BYOBU_CONFIG_DIR/bin/${WAIT_TIME_IN_SECONDS}_${SCRIPT_NAME}[][][]
 []

[62]
Missing character: There is no ☑ (U+2611) in font [lmsans10-bold]:mapping=tex-t
ext;!
[63]
Overfull \hbox (511.67299pt too wide) in paragraph at lines 3528--3528
 []\TU/lmtt/m/n/10.95 xpra start-desktop --max-size=1024x768 --min-size=1024x76
8 --desktop-scaling=off --clipboard=yes --clipboard-direction=both --mmap=${MMA
P} --start ${PROGRAM}[] 
 []


Overfull \hbox (569.16048pt too wide) in paragraph at lines 3537--3537
 []\TU/lmtt/m/n/10.95 xpra start-desktop --max-size=1024x768 --min-size=1024x76
8 --desktop-scaling=off --clipboard=yes --clipboard-direction=both ssh://${USER
}@${SERVER}/ --start ${PROGRAM}[] 
 []


Overfull \hbox (684.13545pt too wide) in paragraph at lines 3547--3547
 []\TU/lmtt/m/n/10.95 xpra attach ssh://${SERVER}/${REMOTE_DISPLAY} --sharing=y
es --start=firefox --clipboard=yes --clipboard-direction=both --max-size=1024x7
68 --min-size=1024x768 --mmap=${MMAP} # no funciona[] 
 []

[64]
Overfull \hbox (718.62793pt too wide) in paragraph at lines 3557--3557
 []\TU/lmtt/m/n/10.95 xpra attach --desktop-scaling=off --sharing=yes --max-siz
e=1024x768 --min-size=1024x768 --clipboard=yes --clipboard-direction=both --sta
rt-child ${APP} ssh://${USER}@${SERVER}/${REMOTE_DISPLAY}[] 
 []

[65] [66] [67] [68] [69] [70] [71] [72] [73] [74] [75] (build/tesis.aux)

LaTeX Font Warning: Some font shapes were not available, defaults substituted.

 ) 
Here is how much of TeX's memory you used:
 22422 strings out of 476683
 430998 string characters out of 5809790
 1877018 words of memory out of 5000000
 42370 multiletter control sequences out of 15000+600000
 519588 words of font info for 100 fonts, out of 8000000 for 9000
 1348 hyphenation exceptions out of 8191
 108i,8n,122p,10634b,750s stack positions out of 10000i,1000n,20000p,200000b,200000s

Output written on build/tesis.xdv (75 pages, 1461668 bytes).
